2021-12-02 20:08:26.119  INFO 12007 --- [main] c.fudan.edu.se.LabWeb.LabWebApplication  : Starting LabWebApplication using Java 1.8.0_271 on nangongxianerdeMacBook-Pro.local with PID 12007 (/Users/kingsley/FDSE/lab-web/target/classes started by kingsley in /Users/kingsley/FDSE/lab-web)
2021-12-02 20:08:26.124  INFO 12007 --- [main] c.fudan.edu.se.LabWeb.LabWebApplication  : No active profile set, falling back to default profiles: default
2021-12-02 20:08:27.152  INFO 12007 --- [main] o.s.b.w.embedded.tomcat.TomcatWebServer  : Tomcat initialized with port(s): 8080 (http)
2021-12-02 20:08:27.162  INFO 12007 --- [main] o.apache.catalina.core.StandardService   : Starting service [Tomcat]
2021-12-02 20:08:27.162  INFO 12007 --- [main] org.apache.catalina.core.StandardEngine  : Starting Servlet engine: [Apache Tomcat/9.0.52]
2021-12-02 20:08:27.213  INFO 12007 --- [main] o.a.c.c.C.[Tomcat].[localhost].[/]       : Initializing Spring embedded WebApplicationContext
2021-12-02 20:08:27.214  INFO 12007 --- [main] w.s.c.ServletWebServerApplicationContext : Root WebApplicationContext: initialization completed in 1040 ms
2021-12-02 20:08:27.596  INFO 12007 --- [main] o.s.b.a.w.s.WelcomePageHandlerMapping    : Adding welcome page: class path resource [static/index.html]
2021-12-02 20:08:27.679  WARN 12007 --- [main] ion$DefaultTemplateResolverConfiguration : Cannot find template location: classpath:/templates/ (please add some templates or check your Thymeleaf configuration)
2021-12-02 20:08:27.805  INFO 12007 --- [main] o.s.b.w.embedded.tomcat.TomcatWebServer  : Tomcat started on port(s): 8080 (http) with context path ''
2021-12-02 20:08:27.819  INFO 12007 --- [main] c.fudan.edu.se.LabWeb.LabWebApplication  : Started LabWebApplication in 2.126 seconds (JVM running for 2.888)
2021-12-02 20:08:38.907  INFO 12007 --- [http-nio-8080-exec-1] o.a.c.c.C.[Tomcat].[localhost].[/]       : Initializing Spring DispatcherServlet 'dispatcherServlet'
2021-12-02 20:08:38.907  INFO 12007 --- [http-nio-8080-exec-1] o.s.web.servlet.DispatcherServlet        : Initializing Servlet 'dispatcherServlet'
2021-12-02 20:08:38.909  INFO 12007 --- [http-nio-8080-exec-1] o.s.web.servlet.DispatcherServlet        : Completed initialization in 2 ms
2021-12-02 20:08:39.379  INFO 12007 --- [http-nio-8080-exec-1] com.zaxxer.hikari.HikariDataSource       : HikariPool-1 - Starting...
2021-12-02 20:08:39.601  INFO 12007 --- [http-nio-8080-exec-1] com.zaxxer.hikari.HikariDataSource       : HikariPool-1 - Start completed.
2021-12-02 20:14:58.468  WARN 12007 --- [http-nio-8080-exec-3] com.zaxxer.hikari.pool.PoolBase          : HikariPool-1 - Failed to validate connection com.mysql.cj.jdbc.ConnectionImpl@399da89d (No operations allowed after connection closed.). Possibly consider using a shorter maxLifetime value.
2021-12-02 20:14:58.470  WARN 12007 --- [http-nio-8080-exec-3] com.zaxxer.hikari.pool.PoolBase          : HikariPool-1 - Failed to validate connection com.mysql.cj.jdbc.ConnectionImpl@4b1d23bf (No operations allowed after connection closed.). Possibly consider using a shorter maxLifetime value.
2021-12-02 20:14:58.471  WARN 12007 --- [http-nio-8080-exec-3] com.zaxxer.hikari.pool.PoolBase          : HikariPool-1 - Failed to validate connection com.mysql.cj.jdbc.ConnectionImpl@1f90b301 (No operations allowed after connection closed.). Possibly consider using a shorter maxLifetime value.
2021-12-02 20:14:58.473  WARN 12007 --- [http-nio-8080-exec-3] com.zaxxer.hikari.pool.PoolBase          : HikariPool-1 - Failed to validate connection com.mysql.cj.jdbc.ConnectionImpl@37cf9206 (No operations allowed after connection closed.). Possibly consider using a shorter maxLifetime value.
2021-12-02 20:14:58.474  WARN 12007 --- [http-nio-8080-exec-3] com.zaxxer.hikari.pool.PoolBase          : HikariPool-1 - Failed to validate connection com.mysql.cj.jdbc.ConnectionImpl@10c38618 (No operations allowed after connection closed.). Possibly consider using a shorter maxLifetime value.
2021-12-02 20:14:58.475  WARN 12007 --- [http-nio-8080-exec-3] com.zaxxer.hikari.pool.PoolBase          : HikariPool-1 - Failed to validate connection com.mysql.cj.jdbc.ConnectionImpl@32615f64 (No operations allowed after connection closed.). Possibly consider using a shorter maxLifetime value.
2021-12-02 20:14:58.477  WARN 12007 --- [http-nio-8080-exec-3] com.zaxxer.hikari.pool.PoolBase          : HikariPool-1 - Failed to validate connection com.mysql.cj.jdbc.ConnectionImpl@28f3fa92 (No operations allowed after connection closed.). Possibly consider using a shorter maxLifetime value.
2021-12-02 20:14:58.479  WARN 12007 --- [http-nio-8080-exec-3] com.zaxxer.hikari.pool.PoolBase          : HikariPool-1 - Failed to validate connection com.mysql.cj.jdbc.ConnectionImpl@63670228 (No operations allowed after connection closed.). Possibly consider using a shorter maxLifetime value.
2021-12-02 20:14:58.480  WARN 12007 --- [http-nio-8080-exec-3] com.zaxxer.hikari.pool.PoolBase          : HikariPool-1 - Failed to validate connection com.mysql.cj.jdbc.ConnectionImpl@6f98ab1a (No operations allowed after connection closed.). Possibly consider using a shorter maxLifetime value.
2021-12-02 20:14:58.481  WARN 12007 --- [http-nio-8080-exec-3] com.zaxxer.hikari.pool.PoolBase          : HikariPool-1 - Failed to validate connection com.mysql.cj.jdbc.ConnectionImpl@57ba53f2 (No operations allowed after connection closed.). Possibly consider using a shorter maxLifetime value.
2021-12-02 20:23:01.297  WARN 12007 --- [http-nio-8080-exec-5] com.zaxxer.hikari.pool.PoolBase          : HikariPool-1 - Failed to validate connection com.mysql.cj.jdbc.ConnectionImpl@766ecb75 (No operations allowed after connection closed.). Possibly consider using a shorter maxLifetime value.
2021-12-02 20:23:01.299  WARN 12007 --- [http-nio-8080-exec-5] com.zaxxer.hikari.pool.PoolBase          : HikariPool-1 - Failed to validate connection com.mysql.cj.jdbc.ConnectionImpl@54ba2857 (No operations allowed after connection closed.). Possibly consider using a shorter maxLifetime value.
2021-12-02 20:23:01.300  WARN 12007 --- [http-nio-8080-exec-5] com.zaxxer.hikari.pool.PoolBase          : HikariPool-1 - Failed to validate connection com.mysql.cj.jdbc.ConnectionImpl@4fcffe73 (No operations allowed after connection closed.). Possibly consider using a shorter maxLifetime value.
2021-12-02 20:23:01.301  WARN 12007 --- [http-nio-8080-exec-5] com.zaxxer.hikari.pool.PoolBase          : HikariPool-1 - Failed to validate connection com.mysql.cj.jdbc.ConnectionImpl@4f7aa19c (No operations allowed after connection closed.). Possibly consider using a shorter maxLifetime value.
2021-12-02 20:23:01.302  WARN 12007 --- [http-nio-8080-exec-5] com.zaxxer.hikari.pool.PoolBase          : HikariPool-1 - Failed to validate connection com.mysql.cj.jdbc.ConnectionImpl@2f2dbd08 (No operations allowed after connection closed.). Possibly consider using a shorter maxLifetime value.
2021-12-02 20:23:01.303  WARN 12007 --- [http-nio-8080-exec-5] com.zaxxer.hikari.pool.PoolBase          : HikariPool-1 - Failed to validate connection com.mysql.cj.jdbc.ConnectionImpl@1a5c9f75 (No operations allowed after connection closed.). Possibly consider using a shorter maxLifetime value.
2021-12-02 20:23:01.304  WARN 12007 --- [http-nio-8080-exec-5] com.zaxxer.hikari.pool.PoolBase          : HikariPool-1 - Failed to validate connection com.mysql.cj.jdbc.ConnectionImpl@30bbe3 (No operations allowed after connection closed.). Possibly consider using a shorter maxLifetime value.
2021-12-02 20:23:01.305  WARN 12007 --- [http-nio-8080-exec-5] com.zaxxer.hikari.pool.PoolBase          : HikariPool-1 - Failed to validate connection com.mysql.cj.jdbc.ConnectionImpl@42b79310 (No operations allowed after connection closed.). Possibly consider using a shorter maxLifetime value.
2021-12-02 20:23:01.306  WARN 12007 --- [http-nio-8080-exec-5] com.zaxxer.hikari.pool.PoolBase          : HikariPool-1 - Failed to validate connection com.mysql.cj.jdbc.ConnectionImpl@6e4adaec (No operations allowed after connection closed.). Possibly consider using a shorter maxLifetime value.
2021-12-02 20:23:01.307  WARN 12007 --- [http-nio-8080-exec-5] com.zaxxer.hikari.pool.PoolBase          : HikariPool-1 - Failed to validate connection com.mysql.cj.jdbc.ConnectionImpl@10935767 (No operations allowed after connection closed.). Possibly consider using a shorter maxLifetime value.
2021-12-02 20:29:58.013  WARN 12007 --- [http-nio-8080-exec-6] com.zaxxer.hikari.pool.PoolBase          : HikariPool-1 - Failed to validate connection com.mysql.cj.jdbc.ConnectionImpl@4ef30baa (No operations allowed after connection closed.). Possibly consider using a shorter maxLifetime value.
2021-12-02 20:29:58.016  WARN 12007 --- [http-nio-8080-exec-6] com.zaxxer.hikari.pool.PoolBase          : HikariPool-1 - Failed to validate connection com.mysql.cj.jdbc.ConnectionImpl@5941af1b (No operations allowed after connection closed.). Possibly consider using a shorter maxLifetime value.
2021-12-02 20:29:58.017  WARN 12007 --- [http-nio-8080-exec-6] com.zaxxer.hikari.pool.PoolBase          : HikariPool-1 - Failed to validate connection com.mysql.cj.jdbc.ConnectionImpl@388ce708 (No operations allowed after connection closed.). Possibly consider using a shorter maxLifetime value.
2021-12-02 20:29:58.019  WARN 12007 --- [http-nio-8080-exec-6] com.zaxxer.hikari.pool.PoolBase          : HikariPool-1 - Failed to validate connection com.mysql.cj.jdbc.ConnectionImpl@6e7405e8 (No operations allowed after connection closed.). Possibly consider using a shorter maxLifetime value.
2021-12-02 20:29:58.020  WARN 12007 --- [http-nio-8080-exec-6] com.zaxxer.hikari.pool.PoolBase          : HikariPool-1 - Failed to validate connection com.mysql.cj.jdbc.ConnectionImpl@2a04893d (No operations allowed after connection closed.). Possibly consider using a shorter maxLifetime value.
2021-12-02 20:29:58.021  WARN 12007 --- [http-nio-8080-exec-6] com.zaxxer.hikari.pool.PoolBase          : HikariPool-1 - Failed to validate connection com.mysql.cj.jdbc.ConnectionImpl@7ee9d211 (No operations allowed after connection closed.). Possibly consider using a shorter maxLifetime value.
2021-12-02 20:29:58.023  WARN 12007 --- [http-nio-8080-exec-6] com.zaxxer.hikari.pool.PoolBase          : HikariPool-1 - Failed to validate connection com.mysql.cj.jdbc.ConnectionImpl@2182ce63 (No operations allowed after connection closed.). Possibly consider using a shorter maxLifetime value.
2021-12-02 20:29:58.024  WARN 12007 --- [http-nio-8080-exec-6] com.zaxxer.hikari.pool.PoolBase          : HikariPool-1 - Failed to validate connection com.mysql.cj.jdbc.ConnectionImpl@6f97c4fe (No operations allowed after connection closed.). Possibly consider using a shorter maxLifetime value.
2021-12-02 20:29:58.026  WARN 12007 --- [http-nio-8080-exec-6] com.zaxxer.hikari.pool.PoolBase          : HikariPool-1 - Failed to validate connection com.mysql.cj.jdbc.ConnectionImpl@6154f550 (No operations allowed after connection closed.). Possibly consider using a shorter maxLifetime value.
2021-12-02 20:29:58.027  WARN 12007 --- [http-nio-8080-exec-6] com.zaxxer.hikari.pool.PoolBase          : HikariPool-1 - Failed to validate connection com.mysql.cj.jdbc.ConnectionImpl@511dda31 (No operations allowed after connection closed.). Possibly consider using a shorter maxLifetime value.
2021-12-02 20:45:06.600  WARN 12007 --- [http-nio-8080-exec-7] com.zaxxer.hikari.pool.PoolBase          : HikariPool-1 - Failed to validate connection com.mysql.cj.jdbc.ConnectionImpl@65d4cdc7 (No operations allowed after connection closed.). Possibly consider using a shorter maxLifetime value.
2021-12-02 20:45:06.603  WARN 12007 --- [http-nio-8080-exec-7] com.zaxxer.hikari.pool.PoolBase          : HikariPool-1 - Failed to validate connection com.mysql.cj.jdbc.ConnectionImpl@508b63cc (No operations allowed after connection closed.). Possibly consider using a shorter maxLifetime value.
2021-12-02 20:45:06.604  WARN 12007 --- [http-nio-8080-exec-7] com.zaxxer.hikari.pool.PoolBase          : HikariPool-1 - Failed to validate connection com.mysql.cj.jdbc.ConnectionImpl@c8a3e41 (No operations allowed after connection closed.). Possibly consider using a shorter maxLifetime value.
2021-12-02 20:45:06.605  WARN 12007 --- [http-nio-8080-exec-7] com.zaxxer.hikari.pool.PoolBase          : HikariPool-1 - Failed to validate connection com.mysql.cj.jdbc.ConnectionImpl@4f7370e2 (No operations allowed after connection closed.). Possibly consider using a shorter maxLifetime value.
2021-12-02 20:45:06.606  WARN 12007 --- [http-nio-8080-exec-7] com.zaxxer.hikari.pool.PoolBase          : HikariPool-1 - Failed to validate connection com.mysql.cj.jdbc.ConnectionImpl@6756851c (No operations allowed after connection closed.). Possibly consider using a shorter maxLifetime value.
2021-12-02 20:45:06.608  WARN 12007 --- [http-nio-8080-exec-7] com.zaxxer.hikari.pool.PoolBase          : HikariPool-1 - Failed to validate connection com.mysql.cj.jdbc.ConnectionImpl@6c480f39 (No operations allowed after connection closed.). Possibly consider using a shorter maxLifetime value.
2021-12-02 20:45:06.609  WARN 12007 --- [http-nio-8080-exec-2] com.zaxxer.hikari.pool.PoolBase          : HikariPool-1 - Failed to validate connection com.mysql.cj.jdbc.ConnectionImpl@60890a3b (No operations allowed after connection closed.). Possibly consider using a shorter maxLifetime value.
2021-12-02 20:45:06.610  WARN 12007 --- [http-nio-8080-exec-7] com.zaxxer.hikari.pool.PoolBase          : HikariPool-1 - Failed to validate connection com.mysql.cj.jdbc.ConnectionImpl@316d4cc7 (No operations allowed after connection closed.). Possibly consider using a shorter maxLifetime value.
2021-12-02 20:45:06.611  WARN 12007 --- [http-nio-8080-exec-7] com.zaxxer.hikari.pool.PoolBase          : HikariPool-1 - Failed to validate connection com.mysql.cj.jdbc.ConnectionImpl@654dde68 (No operations allowed after connection closed.). Possibly consider using a shorter maxLifetime value.
2021-12-02 20:45:06.611  WARN 12007 --- [http-nio-8080-exec-2] com.zaxxer.hikari.pool.PoolBase          : HikariPool-1 - Failed to validate connection com.mysql.cj.jdbc.ConnectionImpl@7ffa4ec1 (No operations allowed after connection closed.). Possibly consider using a shorter maxLifetime value.
2021-12-02 20:52:49.769  WARN 12007 --- [http-nio-8080-exec-3] com.zaxxer.hikari.pool.PoolBase          : HikariPool-1 - Failed to validate connection com.mysql.cj.jdbc.ConnectionImpl@651b475e (No operations allowed after connection closed.). Possibly consider using a shorter maxLifetime value.
2021-12-02 20:52:49.770  WARN 12007 --- [http-nio-8080-exec-3] com.zaxxer.hikari.pool.PoolBase          : HikariPool-1 - Failed to validate connection com.mysql.cj.jdbc.ConnectionImpl@62aa5752 (No operations allowed after connection closed.). Possibly consider using a shorter maxLifetime value.
2021-12-02 20:52:49.771  WARN 12007 --- [http-nio-8080-exec-3] com.zaxxer.hikari.pool.PoolBase          : HikariPool-1 - Failed to validate connection com.mysql.cj.jdbc.ConnectionImpl@4e2643ae (No operations allowed after connection closed.). Possibly consider using a shorter maxLifetime value.
2021-12-02 20:52:49.772  WARN 12007 --- [http-nio-8080-exec-3] com.zaxxer.hikari.pool.PoolBase          : HikariPool-1 - Failed to validate connection com.mysql.cj.jdbc.ConnectionImpl@7138dc83 (No operations allowed after connection closed.). Possibly consider using a shorter maxLifetime value.
2021-12-02 20:52:49.774  WARN 12007 --- [http-nio-8080-exec-3] com.zaxxer.hikari.pool.PoolBase          : HikariPool-1 - Failed to validate connection com.mysql.cj.jdbc.ConnectionImpl@7eae047e (No operations allowed after connection closed.). Possibly consider using a shorter maxLifetime value.
2021-12-02 20:52:49.775  WARN 12007 --- [http-nio-8080-exec-3] com.zaxxer.hikari.pool.PoolBase          : HikariPool-1 - Failed to validate connection com.mysql.cj.jdbc.ConnectionImpl@4e0ecc3e (No operations allowed after connection closed.). Possibly consider using a shorter maxLifetime value.
2021-12-02 20:52:49.776  WARN 12007 --- [http-nio-8080-exec-3] com.zaxxer.hikari.pool.PoolBase          : HikariPool-1 - Failed to validate connection com.mysql.cj.jdbc.ConnectionImpl@3249cd62 (No operations allowed after connection closed.). Possibly consider using a shorter maxLifetime value.
2021-12-02 20:52:49.778  WARN 12007 --- [http-nio-8080-exec-3] com.zaxxer.hikari.pool.PoolBase          : HikariPool-1 - Failed to validate connection com.mysql.cj.jdbc.ConnectionImpl@522d36c (No operations allowed after connection closed.). Possibly consider using a shorter maxLifetime value.
2021-12-02 20:52:49.779  WARN 12007 --- [http-nio-8080-exec-3] com.zaxxer.hikari.pool.PoolBase          : HikariPool-1 - Failed to validate connection com.mysql.cj.jdbc.ConnectionImpl@b21ba42 (No operations allowed after connection closed.). Possibly consider using a shorter maxLifetime value.
2021-12-02 20:52:49.780  WARN 12007 --- [http-nio-8080-exec-3] com.zaxxer.hikari.pool.PoolBase          : HikariPool-1 - Failed to validate connection com.mysql.cj.jdbc.ConnectionImpl@3376e824 (No operations allowed after connection closed.). Possibly consider using a shorter maxLifetime value.
2021-12-02 21:15:31.121  WARN 12007 --- [http-nio-8080-exec-2] com.zaxxer.hikari.pool.PoolBase          : HikariPool-1 - Failed to validate connection com.mysql.cj.jdbc.ConnectionImpl@7e8f1b9c (No operations allowed after connection closed.). Possibly consider using a shorter maxLifetime value.
2021-12-02 21:15:31.123  WARN 12007 --- [http-nio-8080-exec-1] com.zaxxer.hikari.pool.PoolBase          : HikariPool-1 - Failed to validate connection com.mysql.cj.jdbc.ConnectionImpl@1ed04157 (No operations allowed after connection closed.). Possibly consider using a shorter maxLifetime value.
2021-12-02 21:15:31.123  WARN 12007 --- [http-nio-8080-exec-2] com.zaxxer.hikari.pool.PoolBase          : HikariPool-1 - Failed to validate connection com.mysql.cj.jdbc.ConnectionImpl@19649f28 (No operations allowed after connection closed.). Possibly consider using a shorter maxLifetime value.
2021-12-02 21:15:31.125  WARN 12007 --- [http-nio-8080-exec-2] com.zaxxer.hikari.pool.PoolBase          : HikariPool-1 - Failed to validate connection com.mysql.cj.jdbc.ConnectionImpl@37e865f5 (No operations allowed after connection closed.). Possibly consider using a shorter maxLifetime value.
2021-12-02 21:15:31.125  WARN 12007 --- [http-nio-8080-exec-1] com.zaxxer.hikari.pool.PoolBase          : HikariPool-1 - Failed to validate connection com.mysql.cj.jdbc.ConnectionImpl@2862a3a (No operations allowed after connection closed.). Possibly consider using a shorter maxLifetime value.
2021-12-02 21:15:31.128  WARN 12007 --- [http-nio-8080-exec-2] com.zaxxer.hikari.pool.PoolBase          : HikariPool-1 - Failed to validate connection com.mysql.cj.jdbc.ConnectionImpl@31bdcb6f (No operations allowed after connection closed.). Possibly consider using a shorter maxLifetime value.
2021-12-02 21:15:31.129  WARN 12007 --- [http-nio-8080-exec-1] com.zaxxer.hikari.pool.PoolBase          : HikariPool-1 - Failed to validate connection com.mysql.cj.jdbc.ConnectionImpl@194c907a (No operations allowed after connection closed.). Possibly consider using a shorter maxLifetime value.
2021-12-02 21:15:31.131  WARN 12007 --- [http-nio-8080-exec-2] com.zaxxer.hikari.pool.PoolBase          : HikariPool-1 - Failed to validate connection com.mysql.cj.jdbc.ConnectionImpl@14409b1c (No operations allowed after connection closed.). Possibly consider using a shorter maxLifetime value.
2021-12-02 21:15:31.131  WARN 12007 --- [http-nio-8080-exec-1] com.zaxxer.hikari.pool.PoolBase          : HikariPool-1 - Failed to validate connection com.mysql.cj.jdbc.ConnectionImpl@74e6e5c5 (No operations allowed after connection closed.). Possibly consider using a shorter maxLifetime value.
2021-12-02 21:15:31.135  WARN 12007 --- [http-nio-8080-exec-2] com.zaxxer.hikari.pool.PoolBase          : HikariPool-1 - Failed to validate connection com.mysql.cj.jdbc.ConnectionImpl@29e0db63 (No operations allowed after connection closed.). Possibly consider using a shorter maxLifetime value.
